<?xml version="1.0" encoding="UTF-8"?>
<testsuites name="Mocha Tests" time="444.770" tests="14" failures="2">
  <testsuite name="" timestamp="2023-03-08T16:59:41" tests="0" file="cypress/e2e/timeline/timeline.spec.ts" time="0.000" failures="0">
  </testsuite>
  <testsuite name="Root Suite Timeline" timestamp="2023-03-08T16:59:41" tests="0" time="0.000" failures="0">
  </testsuite>
  <testsuite name="Root Suite Timeline useOnlyCurrentProfiles" timestamp="2023-03-08T16:59:41" tests="2" time="47.966" failures="0">
    <testcase name="Timeline useOnlyCurrentProfiles should show historical profiles if disabled" time="34.187" classname="should show historical profiles if disabled">
    </testcase>
    <testcase name="Timeline useOnlyCurrentProfiles should not show historical profiles if enabled" time="11.602" classname="should not show historical profiles if enabled">
    </testcase>
  </testsuite>
  <testsuite name="Root Suite Timeline message displaying" timestamp="2023-03-08T17:00:29" tests="8" time="287.262" failures="2">
    <testcase name="Timeline message displaying should create and configure a room on IRC layout" time="9.700" classname="should create and configure a room on IRC layout">
    </testcase>
    <testcase name="Timeline message displaying should add inline start margin to an event line on IRC layout" time="18.538" classname="should add inline start margin to an event line on IRC layout">
      <failure message="2 accessibility violations were detected: expected 2 to equal 0" type="AssertionError"><![CDATA[AssertionError: 2 accessibility violations were detected: expected 2 to equal 0
    at Context.eval (webpack:///./node_modules/cypress-axe/dist/index.js:100:0)

      + expected - actual:  failed to generate Mocha diff
]]></failure>
    </testcase>
    <testcase name="Timeline message displaying should align generic event list summary with messages and emote on IRC layout" time="26.384" classname="should align generic event list summary with messages and emote on IRC layout">
    </testcase>
    <testcase name="Timeline message displaying should set inline start padding to a hidden event line" time="16.081" classname="should set inline start padding to a hidden event line">
    </testcase>
    <testcase name="Timeline message displaying should click view source event toggle" time="17.618" classname="should click view source event toggle">
    </testcase>
    <testcase name="Timeline message displaying should click &apos;collapse&apos; link button on the first hovered info event line on bubble layout" time="12.812" classname="should click &apos;collapse&apos; link button on the first hovered info event line on bubble layout">
    </testcase>
    <testcase name="Timeline message displaying should highlight search result words regardless of formatting" time="14.571" classname="should highlight search result words regardless of formatting">
    </testcase>
    <testcase name="Timeline message displaying should render url previews" time="20.923" classname="should render url previews">
      <failure message="1 accessibility violation was detected: expected 1 to equal 0" type="AssertionError"><![CDATA[AssertionError: 1 accessibility violation was detected: expected 1 to equal 0
    at Context.eval (webpack:///./node_modules/cypress-axe/dist/index.js:100:0)

      + expected - actual:  failed to generate Mocha diff
]]></failure>
    </testcase>
  </testsuite>
  <testsuite name="Root Suite Timeline message sending" timestamp="2023-03-08T17:05:17" tests="4" time="109.496" failures="0">
    <testcase name="Timeline message sending can reply with a text message" time="18.807" classname="can reply with a text message">
    </testcase>
    <testcase name="Timeline message sending can reply with a voice message" time="23.374" classname="can reply with a voice message">
    </testcase>
    <testcase name="Timeline message sending should not be possible to send flag with regional emojis" time="30.493" classname="should not be possible to send flag with regional emojis">
    </testcase>
    <testcase name="Timeline message sending should display a reply chain" time="30.909" classname="should display a reply chain">
    </testcase>
  </testsuite>
</testsuites>