<?xml version="1.0" encoding="UTF-8"?>
<testsuites name="Mocha Tests" time="31.966" tests="3" failures="0">
  <testsuite name="" timestamp="2023-03-08T17:11:08" tests="0" file="cypress/e2e/toasts/analytics-toast.ts" time="0.000" failures="0">
  </testsuite>
  <testsuite name="Root Suite Analytics Toast" timestamp="2023-03-08T17:11:08" tests="1" time="0.000" failures="0">
    <testcase name="Analytics Toast should not show an analytics toast if config has nothing about posthog" time="12.261" classname="should not show an analytics toast if config has nothing about posthog">
    </testcase>
  </testsuite>
  <testsuite name="Root Suite Analytics Toast with posthog enabled" timestamp="2023-03-08T17:11:21" tests="2" time="19.004" failures="0">
    <testcase name="Analytics Toast with posthog enabled should show an analytics toast which can be accepted" time="9.075" classname="should show an analytics toast which can be accepted">
    </testcase>
    <testcase name="Analytics Toast with posthog enabled should show an analytics toast which can be rejected" time="8.631" classname="should show an analytics toast which can be rejected">
    </testcase>
  </testsuite>
</testsuites>