<?xml version="1.0" encoding="UTF-8"?>
<testsuites name="Mocha Tests" time="98.522" tests="3" failures="0">
  <testsuite name="" timestamp="2023-03-08T17:06:10" tests="0" file="cypress/e2e/crypto/decryption-failure.spec.ts" time="0.000" failures="0">
  </testsuite>
  <testsuite name="Root Suite Decryption Failure Bar" timestamp="2023-03-08T17:06:10" tests="3" time="98.480" failures="0">
    <testcase name="Decryption Failure Bar should prompt the user to verify, if this device isn&apos;t verified and there are other verified devices or backups" time="36.318" classname="should prompt the user to verify, if this device isn&apos;t verified and there are other verified devices or backups">
    </testcase>
    <testcase name="Decryption Failure Bar should prompt the user to reset keys, if this device isn&apos;t verified and there are no other verified devices or backups" time="27.934" classname="should prompt the user to reset keys, if this device isn&apos;t verified and there are no other verified devices or backups">
    </testcase>
    <testcase name="Decryption Failure Bar should appear and disappear as undecryptable messages enter and leave view" time="31.090" classname="should appear and disappear as undecryptable messages enter and leave view">
    </testcase>
  </testsuite>
</testsuites>