<?xml version="1.0" encoding="UTF-8"?>
<testsuites name="Mocha Tests" time="65.819" tests="4" failures="0">
  <testsuite name="" timestamp="2023-03-08T17:07:58" tests="0" file="cypress/e2e/integration-manager/send_event.spec.ts" time="0.000" failures="0">
  </testsuite>
  <testsuite name="Root Suite Integration Manager: Send Event" timestamp="2023-03-08T17:07:58" tests="4" time="65.776" failures="0">
    <testcase name="Integration Manager: Send Event should send a state event" time="19.133" classname="should send a state event">
    </testcase>
    <testcase name="Integration Manager: Send Event should send a state event with empty content" time="14.908" classname="should send a state event with empty content">
    </testcase>
    <testcase name="Integration Manager: Send Event should send a state event with empty state key" time="14.170" classname="should send a state event with empty state key">
    </testcase>
    <testcase name="Integration Manager: Send Event should fail to send an event type which is not allowed" time="14.553" classname="should fail to send an event type which is not allowed">
    </testcase>
  </testsuite>
</testsuites>