<?xml version="1.0" encoding="UTF-8"?>
<testsuites name="Mocha Tests" time="33.752" tests="3" failures="0">
  <testsuite name="" timestamp="2023-03-08T17:11:02" tests="0" file="cypress/e2e/settings/hidden-rr-migration.spec.ts" time="0.000" failures="0">
  </testsuite>
  <testsuite name="Root Suite Hidden Read Receipts Setting Migration" timestamp="2023-03-08T17:11:02" tests="3" time="33.715" failures="0">
    <testcase name="Hidden Read Receipts Setting Migration should not migrate the lack of a labs flag" time="12.519" classname="should not migrate the lack of a labs flag">
    </testcase>
    <testcase name="Hidden Read Receipts Setting Migration should migrate labsHiddenRR=false as sendRR=true" time="9.572" classname="should migrate labsHiddenRR=false as sendRR=true">
    </testcase>
    <testcase name="Hidden Read Receipts Setting Migration should migrate labsHiddenRR=true as sendRR=false" time="8.834" classname="should migrate labsHiddenRR=true as sendRR=false">
    </testcase>
  </testsuite>
</testsuites>