<?xml version="1.0" encoding="UTF-8"?>
<testsuites name="Mocha Tests" time="96.210" tests="5" failures="0">
  <testsuite name="" timestamp="2023-03-08T17:07:36" tests="0" file="cypress/e2e/integration-manager/kick.spec.ts" time="0.000" failures="0">
  </testsuite>
  <testsuite name="Root Suite Integration Manager: Kick" timestamp="2023-03-08T17:07:36" tests="5" time="96.169" failures="0">
    <testcase name="Integration Manager: Kick should kick the target" time="21.563" classname="should kick the target">
    </testcase>
    <testcase name="Integration Manager: Kick should not kick the target if lacking permissions" time="16.816" classname="should not kick the target if lacking permissions">
    </testcase>
    <testcase name="Integration Manager: Kick should no-op if the target already left" time="17.272" classname="should no-op if the target already left">
    </testcase>
    <testcase name="Integration Manager: Kick should no-op if the target was banned" time="19.215" classname="should no-op if the target was banned">
    </testcase>
    <testcase name="Integration Manager: Kick should no-op if the target was never a room member" time="17.178" classname="should no-op if the target was never a room member">
    </testcase>
  </testsuite>
</testsuites>