<?xml version="1.0" encoding="UTF-8"?>
<testsuites name="Mocha Tests" time="22.359" tests="1" failures="0">
  <testsuite name="" timestamp="2023-03-08T17:12:15" tests="0" file="cypress/e2e/settings/device-management.spec.ts" time="0.000" failures="0">
  </testsuite>
  <testsuite name="Root Suite Device manager" timestamp="2023-03-08T17:12:15" tests="1" time="22.330" failures="0">
    <testcase name="Device manager should display sessions" time="21.446" classname="should display sessions">
    </testcase>
  </testsuite>
</testsuites>