<?xml version="1.0" encoding="UTF-8"?>
<testsuites name="Mocha Tests" time="37.127" tests="2" failures="0">
  <testsuite name="" timestamp="2023-03-06T13:20:33" tests="0" file="cypress/e2e/editing/editing.spec.ts" time="0.000" failures="0">
  </testsuite>
  <testsuite name="Root Suite Editing" timestamp="2023-03-06T13:20:33" tests="2" time="37.098" failures="0">
    <testcase name="Editing should close the composer when clicking save after making a change and undoing it" time="15.881" classname="should close the composer when clicking save after making a change and undoing it">
    </testcase>
    <testcase name="Editing should correctly display events which are edited, where we lack the edit event" time="19.439" classname="should correctly display events which are edited, where we lack the edit event">
    </testcase>
  </testsuite>
</testsuites>