<?xml version="1.0" encoding="UTF-8"?>
<testsuites name="Mocha Tests" time="100.456" tests="4" failures="0">
  <testsuite name="" timestamp="2023-03-08T17:06:00" tests="0" file="cypress/e2e/polls/polls.spec.ts" time="0.000" failures="0">
  </testsuite>
  <testsuite name="Root Suite Polls" timestamp="2023-03-08T17:06:00" tests="4" time="100.419" failures="0">
    <testcase name="Polls should be creatable and votable" time="27.049" classname="should be creatable and votable">
    </testcase>
    <testcase name="Polls should be editable from context menu if no votes have been cast" time="17.818" classname="should be editable from context menu if no votes have been cast">
    </testcase>
    <testcase name="Polls should not be editable from context menu if votes have been cast" time="18.772" classname="should not be editable from context menu if votes have been cast">
    </testcase>
    <testcase name="Polls should be displayed correctly in thread panel" time="32.590" classname="should be displayed correctly in thread panel">
    </testcase>
  </testsuite>
</testsuites>