<?xml version="1.0" encoding="UTF-8"?>
<testsuites name="Mocha Tests" time="71.187" tests="4" failures="0">
  <testsuite name="" timestamp="2023-03-06T13:18:15" tests="0" file="cypress/e2e/integration-manager/read_events.spec.ts" time="0.000" failures="0">
  </testsuite>
  <testsuite name="Root Suite Integration Manager: Read Events" timestamp="2023-03-06T13:18:15" tests="4" time="71.155" failures="0">
    <testcase name="Integration Manager: Read Events should read a state event by state key" time="19.399" classname="should read a state event by state key">
    </testcase>
    <testcase name="Integration Manager: Read Events should read a state event with empty state key" time="15.904" classname="should read a state event with empty state key">
    </testcase>
    <testcase name="Integration Manager: Read Events should read state events with any state key" time="16.526" classname="should read state events with any state key">
    </testcase>
    <testcase name="Integration Manager: Read Events should fail to read an event type which is not allowed" time="15.475" classname="should fail to read an event type which is not allowed">
    </testcase>
  </testsuite>
</testsuites>