<?xml version="1.0" encoding="UTF-8"?>
<testsuites name="Mocha Tests" time="170.630" tests="9" failures="0">
  <testsuite name="" timestamp="2023-03-06T13:10:36" tests="0" file="cypress/e2e/composer/composer.spec.ts" time="0.000" failures="0">
  </testsuite>
  <testsuite name="Root Suite Composer" timestamp="2023-03-06T13:10:36" tests="0" time="0.000" failures="0">
  </testsuite>
  <testsuite name="Root Suite Composer CIDER" timestamp="2023-03-06T13:10:36" tests="3" time="0.000" failures="0">
    <testcase name="Composer CIDER sends a message when you click send or press Enter" time="41.097" classname="sends a message when you click send or press Enter">
    </testcase>
    <testcase name="Composer CIDER can write formatted text" time="14.266" classname="can write formatted text">
    </testcase>
    <testcase name="Composer CIDER should allow user to input emoji via graphical picker" time="14.950" classname="should allow user to input emoji via graphical picker">
    </testcase>
  </testsuite>
  <testsuite name="Root Suite Composer CIDER when Ctrl+Enter is required to send" timestamp="2023-03-06T13:11:49" tests="1" time="15.365" failures="0">
    <testcase name="Composer CIDER when Ctrl+Enter is required to send only sends when you press Ctrl+Enter" time="14.411" classname="only sends when you press Ctrl+Enter">
    </testcase>
  </testsuite>
  <testsuite name="Root Suite Composer Rich text editor" timestamp="2023-03-06T13:12:04" tests="3" time="0.000" failures="0">
    <testcase name="Composer Rich text editor sends a message when you click send or press Enter" time="16.831" classname="sends a message when you click send or press Enter">
    </testcase>
    <testcase name="Composer Rich text editor sends only one message when you press Enter multiple times" time="14.765" classname="sends only one message when you press Enter multiple times">
    </testcase>
    <testcase name="Composer Rich text editor can write formatted text" time="14.478" classname="can write formatted text">
    </testcase>
  </testsuite>
  <testsuite name="Root Suite Composer Rich text editor when Ctrl+Enter is required to send" timestamp="2023-03-06T13:12:53" tests="1" time="16.357" failures="0">
    <testcase name="Composer Rich text editor when Ctrl+Enter is required to send only sends when you press Ctrl+Enter" time="15.405" classname="only sends when you press Ctrl+Enter">
    </testcase>
  </testsuite>
  <testsuite name="Root Suite Composer Rich text editor links" timestamp="2023-03-06T13:13:10" tests="1" time="16.714" failures="0">
    <testcase name="Composer Rich text editor links create link with a forward selection" time="15.835" classname="create link with a forward selection">
    </testcase>
  </testsuite>
</testsuites>