<?xml version="1.0" encoding="UTF-8"?>
<testsuites name="Mocha Tests" time="16.401" tests="1" failures="0">
  <testsuite name="" timestamp="2023-03-06T13:22:55" tests="0" file="cypress/e2e/user-view/user-view.spec.ts" time="0.000" failures="0">
  </testsuite>
  <testsuite name="Root Suite UserView" timestamp="2023-03-06T13:22:55" tests="1" time="16.374" failures="0">
    <testcase name="UserView should render the user view as expected" time="15.640" classname="should render the user view as expected">
    </testcase>
  </testsuite>
</testsuites>