<?xml version="1.0" encoding="UTF-8"?>
<testsuites name="Mocha Tests" time="74.738" tests="3" failures="0">
  <testsuite name="" timestamp="2023-03-06T13:18:05" tests="0" file="cypress/e2e/threads/threads.spec.ts" time="0.000" failures="0">
  </testsuite>
  <testsuite name="Root Suite Threads" timestamp="2023-03-06T13:18:05" tests="3" time="74.706" failures="0">
    <testcase name="Threads should be usable for a conversation" time="40.572" classname="should be usable for a conversation">
    </testcase>
    <testcase name="Threads can send voice messages" time="16.647" classname="can send voice messages">
    </testcase>
    <testcase name="Threads right panel behaves correctly" time="14.869" classname="right panel behaves correctly">
    </testcase>
  </testsuite>
</testsuites>