<?xml version="1.0" encoding="UTF-8"?>
<testsuites name="Mocha Tests" time="41.724" tests="3" failures="0">
  <testsuite name="" timestamp="2023-03-08T17:10:15" tests="0" file="cypress/e2e/login/login.spec.ts" time="0.000" failures="0">
  </testsuite>
  <testsuite name="Root Suite Login" timestamp="2023-03-08T17:10:15" tests="0" time="0.000" failures="0">
  </testsuite>
  <testsuite name="Root Suite Login m.login.password" timestamp="2023-03-08T17:10:15" tests="1" time="17.860" failures="0">
    <testcase name="Login m.login.password logs in with an existing account and lands on the home screen" time="16.928" classname="logs in with an existing account and lands on the home screen">
    </testcase>
  </testsuite>
  <testsuite name="Root Suite Login logout" timestamp="2023-03-08T17:10:33" tests="2" time="23.823" failures="0">
    <testcase name="Login logout should go to login page on logout" time="10.579" classname="should go to login page on logout">
    </testcase>
    <testcase name="Login logout should respect logout_redirect_url" time="11.915" classname="should respect logout_redirect_url">
    </testcase>
  </testsuite>
</testsuites>