<?xml version="1.0" encoding="UTF-8"?>
<testsuites name="Mocha Tests" time="35.645" tests="3" failures="0">
  <testsuite name="" timestamp="2023-03-06T13:20:48" tests="0" file="cypress/e2e/settings/hidden-rr-migration.spec.ts" time="0.000" failures="0">
  </testsuite>
  <testsuite name="Root Suite Hidden Read Receipts Setting Migration" timestamp="2023-03-06T13:20:48" tests="3" time="35.604" failures="0">
    <testcase name="Hidden Read Receipts Setting Migration should not migrate the lack of a labs flag" time="13.487" classname="should not migrate the lack of a labs flag">
    </testcase>
    <testcase name="Hidden Read Receipts Setting Migration should migrate labsHiddenRR=false as sendRR=true" time="9.218" classname="should migrate labsHiddenRR=false as sendRR=true">
    </testcase>
    <testcase name="Hidden Read Receipts Setting Migration should migrate labsHiddenRR=true as sendRR=false" time="9.836" classname="should migrate labsHiddenRR=true as sendRR=false">
    </testcase>
  </testsuite>
</testsuites>