<?xml version="1.0" encoding="UTF-8"?>
<testsuites name="Mocha Tests" time="98.340" tests="2" failures="1">
  <testsuite name="" timestamp="2023-03-08T17:10:16" tests="0" file="cypress/e2e/editing/editing.spec.ts" time="0.000" failures="0">
  </testsuite>
  <testsuite name="Root Suite Editing" timestamp="2023-03-08T17:10:16" tests="2" time="98.293" failures="1">
    <testcase name="Editing should close the composer when clicking save after making a change and undoing it" time="14.851" classname="should close the composer when clicking save after making a change and undoing it">
      <failure message="1 accessibility violation was detected: expected 1 to equal 0" type="AssertionError"><![CDATA[AssertionError: 1 accessibility violation was detected: expected 1 to equal 0
    at Context.eval (webpack:///./node_modules/cypress-axe/dist/index.js:100:0)

      + expected - actual:  failed to generate Mocha diff
]]></failure>
    </testcase>
    <testcase name="Editing should correctly display events which are edited, where we lack the edit event" time="21.332" classname="should correctly display events which are edited, where we lack the edit event">
    </testcase>
  </testsuite>
</testsuites>