<?xml version="1.0" encoding="UTF-8"?>
<testsuites name="Mocha Tests" time="383.307" tests="14" failures="0" skipped="1">
  <testsuite name="" timestamp="2023-03-08T16:59:32" tests="0" file="cypress/e2e/spotlight/spotlight.spec.ts" time="0.000" failures="0">
  </testsuite>
  <testsuite name="Root Suite Spotlight" timestamp="2023-03-08T16:59:32" tests="14" time="383.280" failures="0">
    <testcase name="Spotlight should be able to add and remove filters via keyboard" time="40.000" classname="should be able to add and remove filters via keyboard">
    </testcase>
    <testcase name="Spotlight should find joined rooms" time="22.819" classname="should find joined rooms">
    </testcase>
    <testcase name="Spotlight should find known public rooms" time="21.140" classname="should find known public rooms">
    </testcase>
    <testcase name="Spotlight should find unknown public rooms" time="23.160" classname="should find unknown public rooms">
    </testcase>
    <testcase name="Spotlight should find unknown public world readable rooms" time="23.719" classname="should find unknown public world readable rooms">
    </testcase>
    <testcase name="Spotlight should find known people" time="21.737" classname="should find known people">
    </testcase>
    <testcase name="Spotlight should find unknown people" time="21.550" classname="should find unknown people">
    </testcase>
    <testcase name="Spotlight should find group DMs by usernames or user ids" time="46.758" classname="should find group DMs by usernames or user ids">
    </testcase>
    <testcase name="Spotlight should show each person result only once" time="21.646" classname="should show each person result only once">
    </testcase>
    <testcase name="Spotlight should allow opening group chat dialog" time="21.013" classname="should allow opening group chat dialog">
    </testcase>
    <testcase name="Spotlight should close spotlight after starting a DM" time="39.061" classname="should close spotlight after starting a DM">
    </testcase>
    <testcase name="Spotlight should show the same user only once" time="45.749" classname="should show the same user only once">
    </testcase>
    <testcase name="Spotlight should be able to navigate results via keyboard" time="21.231" classname="should be able to navigate results via keyboard">
    </testcase>
  </testsuite>
</testsuites>