<?xml version="1.0" encoding="UTF-8"?>
<testsuites name="Mocha Tests" time="17.706" tests="1" failures="0">
  <testsuite name="" timestamp="2023-03-06T13:23:14" tests="0" file="cypress/e2e/integration-manager/get-openid-token.spec.ts" time="0.000" failures="0">
  </testsuite>
  <testsuite name="Root Suite Integration Manager: Get OpenID Token" timestamp="2023-03-06T13:23:14" tests="1" time="17.673" failures="0">
    <testcase name="Integration Manager: Get OpenID Token should successfully obtain an openID token" time="16.873" classname="should successfully obtain an openID token">
    </testcase>
  </testsuite>
</testsuites>