<?xml version="1.0" encoding="UTF-8"?>
<testsuites name="Mocha Tests" time="227.392" tests="13" failures="0">
  <testsuite name="" timestamp="2023-03-06T13:10:10" tests="0" file="cypress/e2e/timeline/timeline.spec.ts" time="0.000" failures="0">
  </testsuite>
  <testsuite name="Root Suite Timeline" timestamp="2023-03-06T13:10:10" tests="0" time="0.000" failures="0">
  </testsuite>
  <testsuite name="Root Suite Timeline useOnlyCurrentProfiles" timestamp="2023-03-06T13:10:10" tests="2" time="49.004" failures="0">
    <testcase name="Timeline useOnlyCurrentProfiles should show historical profiles if disabled" time="34.108" classname="should show historical profiles if disabled">
    </testcase>
    <testcase name="Timeline useOnlyCurrentProfiles should not show historical profiles if enabled" time="11.956" classname="should not show historical profiles if enabled">
    </testcase>
  </testsuite>
  <testsuite name="Root Suite Timeline message displaying" timestamp="2023-03-06T13:10:59" tests="8" time="123.336" failures="0">
    <testcase name="Timeline message displaying should create and configure a room on IRC layout" time="11.178" classname="should create and configure a room on IRC layout">
    </testcase>
    <testcase name="Timeline message displaying should add inline start margin to an event line on IRC layout" time="12.001" classname="should add inline start margin to an event line on IRC layout">
    </testcase>
    <testcase name="Timeline message displaying should align generic event list summary with messages and emote on IRC layout" time="21.366" classname="should align generic event list summary with messages and emote on IRC layout">
    </testcase>
    <testcase name="Timeline message displaying should set inline start padding to a hidden event line" time="15.128" classname="should set inline start padding to a hidden event line">
    </testcase>
    <testcase name="Timeline message displaying should click view source event toggle" time="16.697" classname="should click view source event toggle">
    </testcase>
    <testcase name="Timeline message displaying should click &apos;collapse&apos; link button on the first hovered info event line on bubble layout" time="12.948" classname="should click &apos;collapse&apos; link button on the first hovered info event line on bubble layout">
    </testcase>
    <testcase name="Timeline message displaying should highlight search result words regardless of formatting" time="13.906" classname="should highlight search result words regardless of formatting">
    </testcase>
    <testcase name="Timeline message displaying should render url previews" time="13.190" classname="should render url previews">
    </testcase>
  </testsuite>
  <testsuite name="Root Suite Timeline message sending" timestamp="2023-03-06T13:13:02" tests="3" time="55.010" failures="0">
    <testcase name="Timeline message sending can reply with a text message" time="13.527" classname="can reply with a text message">
    </testcase>
    <testcase name="Timeline message sending can reply with a voice message" time="18.310" classname="can reply with a voice message">
    </testcase>
    <testcase name="Timeline message sending should not be possible to send flag with regional emojis" time="20.450" classname="should not be possible to send flag with regional emojis">
    </testcase>
  </testsuite>
</testsuites>