<?xml version="1.0" encoding="UTF-8"?>
<testsuites name="Mocha Tests" time="15.130" tests="1" failures="0">
  <testsuite name="" timestamp="2023-03-08T17:13:48" tests="0" file="cypress/e2e/user-view/user-view.spec.ts" time="0.000" failures="0">
  </testsuite>
  <testsuite name="Root Suite UserView" timestamp="2023-03-08T17:13:48" tests="1" time="15.094" failures="0">
    <testcase name="UserView should render the user view as expected" time="14.473" classname="should render the user view as expected">
    </testcase>
  </testsuite>
</testsuites>