<?xml version="1.0" encoding="UTF-8"?>
<testsuites name="Mocha Tests" time="231.320" tests="11" failures="0">
  <testsuite name="" timestamp="2023-03-08T16:59:39" tests="0" file="cypress/e2e/sliding-sync/sliding-sync.ts" time="0.000" failures="0">
  </testsuite>
  <testsuite name="Root Suite Sliding Sync" timestamp="2023-03-08T16:59:39" tests="11" time="231.287" failures="0">
    <testcase name="Sliding Sync should render the Rooms list in reverse chronological order by default and allowing sorting A-Z" time="50.114" classname="should render the Rooms list in reverse chronological order by default and allowing sorting A-Z">
    </testcase>
    <testcase name="Sliding Sync should move rooms around as new events arrive" time="18.402" classname="should move rooms around as new events arrive">
    </testcase>
    <testcase name="Sliding Sync should not move the selected room: it should be sticky" time="16.982" classname="should not move the selected room: it should be sticky">
    </testcase>
    <testcase name="Sliding Sync should show the right unread notifications" time="16.736" classname="should show the right unread notifications">
    </testcase>
    <testcase name="Sliding Sync should not show unread indicators" time="17.043" classname="should not show unread indicators">
    </testcase>
    <testcase name="Sliding Sync should update user settings promptly" time="13.859" classname="should update user settings promptly">
    </testcase>
    <testcase name="Sliding Sync should show and be able to accept/reject/rescind invites" time="21.778" classname="should show and be able to accept/reject/rescind invites">
    </testcase>
    <testcase name="Sliding Sync should show a favourite DM only in the favourite sublist" time="12.259" classname="should show a favourite DM only in the favourite sublist">
    </testcase>
    <testcase name="Sliding Sync should clear the reply to field when swapping rooms" time="16.176" classname="should clear the reply to field when swapping rooms">
    </testcase>
    <testcase name="Sliding Sync should not cancel replies when permalinks are clicked" time="13.989" classname="should not cancel replies when permalinks are clicked">
    </testcase>
    <testcase name="Sliding Sync should send unsubscribe_rooms for every room switch" time="17.120" classname="should send unsubscribe_rooms for every room switch">
    </testcase>
  </testsuite>
</testsuites>