<?xml version="1.0" encoding="UTF-8"?>
<testsuites name="Mocha Tests" time="86.425" tests="7" failures="0">
  <testsuite name="" timestamp="2023-03-08T17:07:53" tests="0" file="cypress/e2e/right-panel/right-panel.spec.ts" time="0.000" failures="0">
  </testsuite>
  <testsuite name="Root Suite RightPanel" timestamp="2023-03-08T17:07:53" tests="0" time="0.000" failures="0">
  </testsuite>
  <testsuite name="Root Suite RightPanel in rooms" timestamp="2023-03-08T17:07:53" tests="6" time="75.262" failures="0">
    <testcase name="RightPanel in rooms should handle clicking add widgets" time="14.663" classname="should handle clicking add widgets">
    </testcase>
    <testcase name="RightPanel in rooms should handle viewing export chat" time="10.539" classname="should handle viewing export chat">
    </testcase>
    <testcase name="RightPanel in rooms should handle viewing share room" time="11.019" classname="should handle viewing share room">
    </testcase>
    <testcase name="RightPanel in rooms should handle viewing room settings" time="10.637" classname="should handle viewing room settings">
    </testcase>
    <testcase name="RightPanel in rooms should handle viewing files" time="11.934" classname="should handle viewing files">
    </testcase>
    <testcase name="RightPanel in rooms should handle viewing room member" time="11.686" classname="should handle viewing room member">
    </testcase>
  </testsuite>
  <testsuite name="Root Suite RightPanel in spaces" timestamp="2023-03-08T17:09:09" tests="1" time="11.132" failures="0">
    <testcase name="RightPanel in spaces should handle viewing space member" time="10.460" classname="should handle viewing space member">
    </testcase>
  </testsuite>
</testsuites>