<?xml version="1.0" encoding="UTF-8"?>
<testsuites name="Mocha Tests" time="106.271" tests="5" failures="0">
  <testsuite name="" timestamp="2023-03-06T13:16:11" tests="0" file="cypress/e2e/integration-manager/kick.spec.ts" time="0.000" failures="0">
  </testsuite>
  <testsuite name="Root Suite Integration Manager: Kick" timestamp="2023-03-06T13:16:11" tests="5" time="106.216" failures="0">
    <testcase name="Integration Manager: Kick should kick the target" time="24.001" classname="should kick the target">
    </testcase>
    <testcase name="Integration Manager: Kick should not kick the target if lacking permissions" time="19.121" classname="should not kick the target if lacking permissions">
    </testcase>
    <testcase name="Integration Manager: Kick should no-op if the target already left" time="20.119" classname="should no-op if the target already left">
    </testcase>
    <testcase name="Integration Manager: Kick should no-op if the target was banned" time="20.369" classname="should no-op if the target was banned">
    </testcase>
    <testcase name="Integration Manager: Kick should no-op if the target was never a room member" time="17.556" classname="should no-op if the target was never a room member">
    </testcase>
  </testsuite>
</testsuites>