<?xml version="1.0" encoding="UTF-8"?>
<testsuites name="Mocha Tests" time="17.418" tests="1" failures="0">
  <testsuite name="" timestamp="2023-03-08T17:13:03" tests="0" file="cypress/e2e/user-onboarding/user-onboarding-old.ts" time="0.000" failures="0">
  </testsuite>
  <testsuite name="Root Suite User Onboarding (old user)" timestamp="2023-03-08T17:13:03" tests="1" time="17.389" failures="0">
    <testcase name="User Onboarding (old user) page and preference are hidden" time="16.731" classname="page and preference are hidden">
    </testcase>
  </testsuite>
</testsuites>