<?xml version="1.0" encoding="UTF-8"?>
<testsuites name="Mocha Tests" time="494.949" tests="14" failures="0" skipped="1">
  <testsuite name="" timestamp="2023-03-06T13:09:54" tests="0" file="cypress/e2e/spotlight/spotlight.spec.ts" time="0.000" failures="0">
  </testsuite>
  <testsuite name="Root Suite Spotlight" timestamp="2023-03-06T13:09:54" tests="14" time="494.902" failures="0">
    <testcase name="Spotlight should be able to add and remove filters via keyboard" time="41.636" classname="should be able to add and remove filters via keyboard">
    </testcase>
    <testcase name="Spotlight should find joined rooms" time="22.233" classname="should find joined rooms">
    </testcase>
    <testcase name="Spotlight should find known public rooms" time="23.212" classname="should find known public rooms">
    </testcase>
    <testcase name="Spotlight should find unknown public rooms" time="23.935" classname="should find unknown public rooms">
    </testcase>
    <testcase name="Spotlight should find unknown public world readable rooms" time="24.713" classname="should find unknown public world readable rooms">
    </testcase>
    <testcase name="Spotlight should find known people" time="25.044" classname="should find known people">
    </testcase>
    <testcase name="Spotlight should find unknown people" time="24.531" classname="should find unknown people">
    </testcase>
    <testcase name="Spotlight should find group DMs by usernames or user ids" time="60.586" classname="should find group DMs by usernames or user ids">
    </testcase>
    <testcase name="Spotlight should show each person result only once" time="24.400" classname="should show each person result only once">
    </testcase>
    <testcase name="Spotlight should allow opening group chat dialog" time="33.428" classname="should allow opening group chat dialog">
    </testcase>
    <testcase name="Spotlight should close spotlight after starting a DM" time="41.454" classname="should close spotlight after starting a DM">
    </testcase>
    <testcase name="Spotlight should show the same user only once" time="31.971" classname="should show the same user only once">
    </testcase>
    <testcase name="Spotlight should be able to navigate results via keyboard" time="34.827" classname="should be able to navigate results via keyboard">
    </testcase>
  </testsuite>
</testsuites>