<?xml version="1.0" encoding="UTF-8"?>
<testsuites name="Mocha Tests" time="30.868" tests="2" failures="0">
  <testsuite name="" timestamp="2023-03-06T13:21:17" tests="0" file="cypress/e2e/create-room/create-room.spec.ts" time="0.000" failures="0">
  </testsuite>
  <testsuite name="Root Suite Create Room" timestamp="2023-03-06T13:21:17" tests="2" time="30.841" failures="0">
    <testcase name="Create Room should allow us to create a public room with name, topic &amp; address set" time="18.831" classname="should allow us to create a public room with name, topic &amp; address set">
    </testcase>
    <testcase name="Create Room should create a room with a long room name, which is displayed with ellipsis" time="10.335" classname="should create a room with a long room name, which is displayed with ellipsis">
    </testcase>
  </testsuite>
</testsuites>