<?xml version="1.0" encoding="UTF-8"?>
<testsuites name="Mocha Tests" time="26.064" tests="1" failures="0">
  <testsuite name="" timestamp="2023-03-06T13:22:23" tests="0" file="cypress/e2e/login/consent.spec.ts" time="0.000" failures="0">
  </testsuite>
  <testsuite name="Root Suite Consent" timestamp="2023-03-06T13:22:23" tests="1" time="26.031" failures="0">
    <testcase name="Consent should prompt the user to consent to terms when server deems it necessary" time="25.294" classname="should prompt the user to consent to terms when server deems it necessary">
    </testcase>
  </testsuite>
</testsuites>