<?xml version="1.0" encoding="UTF-8"?>
<testsuites name="Mocha Tests" time="19.615" tests="1" failures="0">
  <testsuite name="" timestamp="2023-03-08T17:12:50" tests="0" file="cypress/e2e/login/consent.spec.ts" time="0.000" failures="0">
  </testsuite>
  <testsuite name="Root Suite Consent" timestamp="2023-03-08T17:12:50" tests="1" time="19.587" failures="0">
    <testcase name="Consent should prompt the user to consent to terms when server deems it necessary" time="18.800" classname="should prompt the user to consent to terms when server deems it necessary">
    </testcase>
  </testsuite>
</testsuites>