<?xml version="1.0" encoding="UTF-8"?>
<testsuites name="Mocha Tests" time="26.003" tests="2" failures="0">
  <testsuite name="" timestamp="2023-03-08T17:11:45" tests="0" file="cypress/e2e/widgets/layout.spec.ts" time="0.000" failures="0">
  </testsuite>
  <testsuite name="Root Suite Widget Layout" timestamp="2023-03-08T17:11:45" tests="2" time="25.967" failures="0">
    <testcase name="Widget Layout manually resize the height of the top container layout" time="13.665" classname="manually resize the height of the top container layout">
    </testcase>
    <testcase name="Widget Layout programatically resize the height of the top container layout" time="10.771" classname="programatically resize the height of the top container layout">
    </testcase>
  </testsuite>
</testsuites>