<?xml version="1.0" encoding="UTF-8"?>
<testsuites name="Mocha Tests" time="142.178" tests="9" failures="0">
  <testsuite name="" timestamp="2023-03-08T16:59:44" tests="0" file="cypress/e2e/composer/composer.spec.ts" time="0.000" failures="0">
  </testsuite>
  <testsuite name="Root Suite Composer" timestamp="2023-03-08T16:59:44" tests="0" time="0.000" failures="0">
  </testsuite>
  <testsuite name="Root Suite Composer CIDER" timestamp="2023-03-08T16:59:44" tests="3" time="0.000" failures="0">
    <testcase name="Composer CIDER sends a message when you click send or press Enter" time="34.627" classname="sends a message when you click send or press Enter">
    </testcase>
    <testcase name="Composer CIDER can write formatted text" time="11.603" classname="can write formatted text">
    </testcase>
    <testcase name="Composer CIDER should allow user to input emoji via graphical picker" time="12.396" classname="should allow user to input emoji via graphical picker">
    </testcase>
  </testsuite>
  <testsuite name="Root Suite Composer CIDER when Ctrl+Enter is required to send" timestamp="2023-03-08T17:00:45" tests="1" time="12.378" failures="0">
    <testcase name="Composer CIDER when Ctrl+Enter is required to send only sends when you press Ctrl+Enter" time="11.636" classname="only sends when you press Ctrl+Enter">
    </testcase>
  </testsuite>
  <testsuite name="Root Suite Composer Rich text editor" timestamp="2023-03-08T17:00:58" tests="3" time="0.000" failures="0">
    <testcase name="Composer Rich text editor sends a message when you click send or press Enter" time="13.089" classname="sends a message when you click send or press Enter">
    </testcase>
    <testcase name="Composer Rich text editor sends only one message when you press Enter multiple times" time="16.436" classname="sends only one message when you press Enter multiple times">
    </testcase>
    <testcase name="Composer Rich text editor can write formatted text" time="10.786" classname="can write formatted text">
    </testcase>
  </testsuite>
  <testsuite name="Root Suite Composer Rich text editor when Ctrl+Enter is required to send" timestamp="2023-03-08T17:01:40" tests="1" time="12.697" failures="0">
    <testcase name="Composer Rich text editor when Ctrl+Enter is required to send only sends when you press Ctrl+Enter" time="11.943" classname="only sends when you press Ctrl+Enter">
    </testcase>
  </testsuite>
  <testsuite name="Root Suite Composer Rich text editor links" timestamp="2023-03-08T17:01:53" tests="1" time="13.608" failures="0">
    <testcase name="Composer Rich text editor links create link with a forward selection" time="12.973" classname="create link with a forward selection">
    </testcase>
  </testsuite>
</testsuites>