<?xml version="1.0" encoding="UTF-8"?>
<testsuites name="Mocha Tests" time="70.227" tests="3" failures="0">
  <testsuite name="" timestamp="2023-03-06T13:19:30" tests="0" file="cypress/e2e/widgets/widget-pip-close.spec.ts" time="0.000" failures="0">
  </testsuite>
  <testsuite name="Root Suite Widget PIP" timestamp="2023-03-06T13:19:30" tests="3" time="70.199" failures="0">
    <testcase name="Widget PIP should be closed on leave" time="18.903" classname="should be closed on leave">
    </testcase>
    <testcase name="Widget PIP should be closed on kick" time="14.143" classname="should be closed on kick">
    </testcase>
    <testcase name="Widget PIP should be closed on ban" time="15.308" classname="should be closed on ban">
    </testcase>
  </testsuite>
</testsuites>